<?xml version="1.0" encoding="UTF-8"?>
<!-- Generated by org.testng.reporters.JUnitReportReporter -->
<testsuite hostname="LAPTOP-82IU6PEL" failures="0" tests="1" name="scripts.Test1" time="0.012" errors="0" timestamp="2022-12-12T14:43:48 IST" skipped="0">
  <testcase classname="scripts.Test1" name="tc1" time="0.012"/>
  <system-out>
    <![CDATA[hello java]]>
  </system-out>
</testsuite> <!-- scripts.Test1 -->
